0 info it worked if it ends with ok
1 verbose cli [ '/usr/bin/nodejs', '/usr/bin/npm', 'start' ]
2 info using npm@3.8.6
3 info using node@v5.12.0
4 verbose run-script [ 'prestart', 'start', 'poststart' ]
5 info lifecycle heroku-node-telegram-bot@1.0.0~prestart: heroku-node-telegram-bot@1.0.0
6 silly lifecycle heroku-node-telegram-bot@1.0.0~prestart: no script for prestart, continuing
7 info lifecycle heroku-node-telegram-bot@1.0.0~start: heroku-node-telegram-bot@1.0.0
8 verbose lifecycle heroku-node-telegram-bot@1.0.0~start: unsafe-perm in lifecycle true
9 verbose lifecycle heroku-node-telegram-bot@1.0.0~start: PATH: /usr/lib/node_modules/npm/bin/node-gyp-bin:/home/navy/react-projects/m60tbot/node_modules/.bin:/usr/bin:/home/navy/.npm-global/bin:/home/navy/bin:/home/navy/.local/bin:/usr/local/sbin:/usr/local/bin:/usr/sbin:/usr/bin:/sbin:/bin:/usr/games:/usr/local/games:/snap/bin:/home/navy/Android/Sdk/tools:/home/navy/Android/Sdk/tools/bin:/home/navy/Android/Sdk/platform-tools:/home/navy/Android/Sdk/tools:/home/navy/Android/Sdk/tools/bin:/home/navy/Android/Sdk/platform-tools
10 verbose lifecycle heroku-node-telegram-bot@1.0.0~start: CWD: /home/navy/react-projects/m60tbot
11 silly lifecycle heroku-node-telegram-bot@1.0.0~start: Args: [ '-c', 'export $(cat .env | xargs) && node index.js' ]
12 silly lifecycle heroku-node-telegram-bot@1.0.0~start: Returned: code: 1  signal: null
13 info lifecycle heroku-node-telegram-bot@1.0.0~start: Failed to exec start script
14 verbose stack Error: heroku-node-telegram-bot@1.0.0 start: `export $(cat .env | xargs) && node index.js`
14 verbose stack Exit status 1
14 verbose stack     at EventEmitter.<anonymous> (/usr/lib/node_modules/npm/lib/utils/lifecycle.js:239:16)
14 verbose stack     at emitTwo (events.js:100:13)
14 verbose stack     at EventEmitter.emit (events.js:185:7)
14 verbose stack     at ChildProcess.<anonymous> (/usr/lib/node_modules/npm/lib/utils/spawn.js:24:14)
14 verbose stack     at emitTwo (events.js:100:13)
14 verbose stack     at ChildProcess.emit (events.js:185:7)
14 verbose stack     at maybeClose (internal/child_process.js:850:16)
14 verbose stack     at Process.ChildProcess._handle.onexit (internal/child_process.js:215:5)
15 verbose pkgid heroku-node-telegram-bot@1.0.0
16 verbose cwd /home/navy/react-projects/m60tbot
17 error Linux 4.4.0-79-generic
18 error argv "/usr/bin/nodejs" "/usr/bin/npm" "start"
19 error node v5.12.0
20 error npm  v3.8.6
21 error code ELIFECYCLE
22 error heroku-node-telegram-bot@1.0.0 start: `export $(cat .env | xargs) && node index.js`
22 error Exit status 1
23 error Failed at the heroku-node-telegram-bot@1.0.0 start script 'export $(cat .env | xargs) && node index.js'.
23 error Make sure you have the latest version of node.js and npm installed.
23 error If you do, this is most likely a problem with the heroku-node-telegram-bot package,
23 error not with npm itself.
23 error Tell the author that this fails on your system:
23 error     export $(cat .env | xargs) && node index.js
23 error You can get information on how to open an issue for this project with:
23 error     npm bugs heroku-node-telegram-bot
23 error Or if that isn't available, you can get their info via:
23 error     npm owner ls heroku-node-telegram-bot
23 error There is likely additional logging output above.
24 verbose exit [ 1, true ]
